5	ffbf77777f7f7fff|4c7ccc8c8c380|90|120|19970726|http://s.n.nu/thumb.php?url=www.modigtledarskap.se&w=120&access=a68128b	ff3b3fbfbfbbbfff|3c034703bc000|90|120|19970726|http://s.n.nu/thumb.php?url=www.stodstrumpor.nu&w=120&access=d901946	7f7f3f3f3f3f7f7f|ff40c0ffffff8|90|120|19970726|http://s.n.nu/thumb.php?url=www.ponnyresultat.se&w=120&access=862ec19	7f7f7f707c7f7f7f|0b48b788ff880|522|658|19970721|http://www.w3.org/People/chris/emsizing-nsn401p6sgi-oops	7f373f3f3f3f3f7f|7c430c48f4080|90|120|19970726|http://s.n.nu/thumb.php?url=www.helhetsdesign.se&w=120&access=c5978a5	
5	ff778bcf8f8f8fff|8308f47383070|90|120|19970726|http://s.n.nu/thumb.php?url=www.freinetskolan.se&w=120&access=4d606b8	3f070f07878f8f3f|f70f7c43c0cf8|90|120|19970726|http://s.n.nu/thumb.php?url=www.briggsegling.n.nu&w=120&access=c8c7c28	ff878fbf838f8fff|304c7f0348730|90|120|19970726|http://s.n.nu/thumb.php?url=www.landvetterbedandbreakfast.se&w=120&access=ab0fe7c	ff0f0f8b8f8f8fff|c00f840380cf8|90|120|19970726|http://s.n.nu/thumb.php?url=www.gunderhoog.com&w=120&access=ca0fdc5	ff0f078f8f8fbfff|3f8cf47c03b80|90|120|19970726|http://s.n.nu/thumb.php?url=www.tftblekinge.se&w=120&access=cf72745	
5	00cf8fcf7f0f0f00|cfb8c7fc7fff0|90|120|19970726|http://s.n.nu/thumb.php?url=www.utematte.se&w=120&access=67da59f	00004f4f4f4f0000|ff8bff8ff77f8|90|120|19970726|http://s.n.nu/thumb.php?url=www.emmaskakel.se&w=120&access=826ec74	000b0b0f0f0f0f00|7f8f0fff48cf8|90|120|19970726|http://s.n.nu/thumb.php?url=www.dalskogenergi.se&w=120&access=61cde93	003f47070f084f00|7c0f487c00888|90|120|19970726|http://s.n.nu/thumb.php?url=www.superjumpworld.com&w=120&access=be472ec	003f3f0f0f0f0700|ffc7f78fff7f8|90|120|19970726|http://s.n.nu/thumb.php?url=www.kasinoguide.org&w=120&access=f57faec	
4	7f0f0f0f0f0f3f7f|f3084c78c8f70|90|120|19970726|http://s.n.nu/thumb.php?url=www.nordanlidsrustik.se&w=120&access=9f24063	ff8f0c0f0c0f0f0f|c3c4b700fc4b0|300|400|19970726|http://s.n.nu/thumb.php?url=www.donsphynx.se&w=400&access=a79ad6a	ff8f040c8c0f8fff|f0080870c0840|90|120|19970726|http://s.n.nu/thumb.php?url=www.hyrhusifrankrike.se&w=120&access=0f841aa	ff0f0f0f0f0f0f0f|c3c4f700fc4f8|90|120|19970726|http://s.n.nu/thumb.php?url=www.donsphynx.se&w=120&access=1dfa84d	
3	00cff3bfff8f8f00|cf0cf43ff8ff8|90|120|19970726|http://s.n.nu/thumb.php?url=www.templerun.se&w=120&access=46abf83	00ffffffcfffcf00|bf3cccf4c3fb8|90|120|19970726|http://s.n.nu/thumb.php?url=www.curlysue.se&w=120&access=5e77197	00ffffbfbfff8f00|fffccff3fcff8|90|120|19970726|http://s.n.nu/thumb.php?url=www.updatemodels.com&w=120&access=4d1036f	
3	ff8f8f8fcf878fff|340f3c8448f40|90|120|19970726|http://s.n.nu/thumb.php?url=www.scr.n.nu&w=120&access=e069997	ff8fcf8f8fc08fff|030fb03c88cc8|90|120|19970726|http://s.n.nu/thumb.php?url=www.enkelhemsida.nu&w=120&access=1467b2d	ffcf8fcfcfcfcfff|f70c7c7f00cf8|90|120|19970726|http://s.n.nu/thumb.php?url=www.kabk.se&w=120&access=d9546cd	
3	fffff7b7b7f7ffff|803008780cc88|90|120|19970726|http://s.n.nu/thumb.php?url=www.lisaochkira.n.nu&w=120&access=a6bf755	ff7f3f3707377fff|08308f3888bc0|90|120|19970726|http://s.n.nu/thumb.php?url=www.salongunika.se&w=120&access=e43ae16	ffff7b07077fffff|0380f3cf30c70|300|400|19970726|http://s.n.nu/thumb.php?url=www.respirotv.n.nu&w=400&access=d537312	
3	003f3ffffff33300|0f73c3300f038|90|120|19970726|http://s.n.nu/thumb.php?url=www.ulrikagabriel.se&w=120&access=d9de12f	00fff7f7f0f0f000|7cb748b3c4b48|90|120|19970726|http://s.n.nu/thumb.php?url=www.svenskarispanien.com&w=120&access=e4ccbcd	0078fffffb7c3000|b77cf444cf888|128|113|19970726|http://www.lavie.fr/sso/profil/avatar.php?id=71	
3	3f0737073f3f0f3f|7c7fccc838fb8|90|120|19970726|http://s.n.nu/thumb.php?url=www.medins-biologi.se&w=120&access=5d61db8	3f3f3f3f3f33333f|34f378bcbfff8|90|120|19970726|http://s.n.nu/thumb.php?url=www.hemsida1.se&w=120&access=7dfccc1	3f3f37373f3f3f3f|ff77ff7ffffb8|90|120|19970726|http://s.n.nu/thumb.php?url=www.klockarsminigrisar.se&w=120&access=4f946df	
3	ff88880f0f8f8fff|c00cbc70f0f08|90|120|19970726|http://s.n.nu/thumb.php?url=www.pizzocalabria.se&w=120&access=5c45994	ff88888b8f8c8fff|7808c47870700|90|120|19970726|http://s.n.nu/thumb.php?url=www.projekthantering.se&w=120&access=1f6d942	ff8f888fcb8fffff|34003b48c7f48|90|120|19970726|http://s.n.nu/thumb.php?url=www.kmseven.se&w=120&access=d211830	
2	7f33b4c477f7c7ff|0bbb844f4bb78|90|120|19970726|http://s.n.nu/thumb.php?url=www.philosophicalanthropology.org&w=120&access=3812f5c	ff3333b8b3b3b3ff|c0483c03f7400|90|120|19970726|http://s.n.nu/thumb.php?url=www.bigbrotherlive.se&w=120&access=c954071	
2	ff8f8f0f3fbfbfff|703300c083300|90|120|19970726|http://s.n.nu/thumb.php?url=www.balancegolfacademy.se&w=120&access=3c01f72	ff07848484b7b7ff|33044780c8308|90|120|19970726|http://s.n.nu/thumb.php?url=www.medium.se&w=120&access=44222f1	
2	7fc0f4fcf7fbf87f|c47f804bb4cf8|532|703|19970721|http://www.w3.org/People/chris/emsizing-nsn401mac	ffc0f0f0f0ffffff|cc70c8334cf08|90|120|19970726|http://s.n.nu/thumb.php?url=www.hilkkahandmade.se&w=120&access=f19c21f	
2	7f4f4f4c4c4f4c7f|8b04f04843488|90|120|19970726|http://s.n.nu/thumb.php?url=www.sportspilates.se&w=120&access=599c19a	704f4f4f4f4f7c7c|78383cf8cff08|90|120|19970726|http://s.n.nu/thumb.php?url=www.muebleriashalom.com&w=120&access=cbe9146	
2	ffffffc3f3ffffff|407b0b0783c08|90|120|19970726|http://s.n.nu/thumb.php?url=www.seths.nu&w=120&access=4bd2540	ffcbcbcfffffffff|c33030774f748|90|120|19970726|http://s.n.nu/thumb.php?url=www.mayalandvik.com&w=120&access=2e63b48	
2	00fff0c0cfcfff00|8f8cbcfbcff78|90|120|19970726|http://s.n.nu/thumb.php?url=www.bonizashundskola.se&w=120&access=dfd3352	008fc3c7c7cfcf00|cf7ccf7ffff78|90|120|19970726|http://s.n.nu/thumb.php?url=www.abychansen.se&w=120&access=86fed25	
2	ff07b787878787ff|8c34cc847c430|90|120|19970726|http://s.n.nu/thumb.php?url=www.salt.ax&w=120&access=1116a48	ff0fbf8f8f8f8fff|80000b0083008|90|120|19970726|http://s.n.nu/thumb.php?url=www.wozzilroys.com&w=120&access=2e1e029	
2	ff0c8788848f8fff|8008b400f08c0|90|120|19970726|http://s.n.nu/thumb.php?url=www.tinaax.n.nu&w=120&access=21ba282	ff4c8c88c8cfcfff|0f8f847780f00|90|120|19970726|http://s.n.nu/thumb.php?url=www.forshastgard.se&w=120&access=6f851b0	
2	3f3f3f3c383c3f3f|fbf77cb7f7ff8|90|120|19970726|http://s.n.nu/thumb.php?url=www.hundkonsulten.n.nu&w=120&access=fb4e2a0	0f3f3f3c3f3fbf0f|fcf3bb8fff3f8|90|120|19970726|http://s.n.nu/thumb.php?url=www.fastighetsbolagstockholm.se&w=120&access=55607e5	
2	0080b00000b0c000|00c7f8000cc00|90|120|19970726|http://s.n.nu/thumb.php?url=www.twitterexclusive.com&w=120&access=474207f	00f0703030303000|70f33c78ff080|90|120|19970726|http://s.n.nu/thumb.php?url=www.seirankarate.se&w=120&access=3369ad1	
2	ffc7c7c7c7c7c7ff|8704c08733440|90|120|19970726|http://s.n.nu/thumb.php?url=www.umeadykcenter.se&w=120&access=c2c4d61	ff4747c7c7c7c7ff|003444c880780|90|120|19970726|http://s.n.nu/thumb.php?url=www.premiumdesign1.n.nu&w=120&access=472b0a4	
1	0037777f7f7f0000|0bfbccbff8f70|300|400|19970726|http://s.n.nu/thumb.php?url=www.nicoresti.n.nu&w=400&access=a90fe48	
1	0f3f0f07070f3f0f|ff0fcb7cff3f8|90|120|19970726|http://s.n.nu/thumb.php?url=www.gkvarmdo.se&w=120&access=42938b2	
1	00007c7c7c7c0000|c7f4f3cff7b08|90|120|19970726|http://s.n.nu/thumb.php?url=www.bergendorffsnaturmedicin.se&w=120&access=bcf67e3	
1	ff480bffffffccff|bb3840fc408b8|90|120|19970726|http://s.n.nu/thumb.php?url=www.leaderlappland.se&w=120&access=d8dcf4a	
1	c08f8fbfbfbfbfc0|73f377c8cc088|90|120|19970726|http://s.n.nu/thumb.php?url=www.carinssjukgymnastik.se&w=120&access=a69c6eb	
1	f0bfbf8f8cbfcf80|0f00748700000|90|120|19970726|http://s.n.nu/thumb.php?url=www.drawsomething.nu&w=120&access=2728d1d	
1	3f8f0f0f0f80803f|3b0f3c4cfbcf8|90|120|19970726|http://s.n.nu/thumb.php?url=www.salongvintergatan.se&w=120&access=11cc2ff	
1	ffc7c0f0c8ffffff|b7847cf3c03c8|90|120|19970726|http://s.n.nu/thumb.php?url=www.mammabootcamp-ostergotland.se&w=120&access=ed434fe	
1	ff43c3c3c3c3c3ff|4c08c43833f38|90|120|19970726|http://s.n.nu/thumb.php?url=www.billocket.se&w=120&access=6d1e3dc	
1	ff070300f0ffff0f|f84304bb30c38|128|113|19970726|http://www.lavie.fr/sso/profil/avatar.php?id=11394	
1	00fbbbf8fbfbff00|070ff473f0c00|90|120|19970726|http://s.n.nu/thumb.php?url=www.egenhemsida.nu&w=120&access=2347734	
1	ff048487878787ff|b734030034470|90|120|19970726|http://s.n.nu/thumb.php?url=www.salonghair.se&w=120&access=a989284	
1	ff0f38f8f8f8c8ff|0703f73f33030|90|120|19970726|http://s.n.nu/thumb.php?url=www.salonggetstarted.se&w=120&access=56dacef	
1	f8cf4ffccfcfcf07|808b0c887b300|90|120|19970726|http://s.n.nu/thumb.php?url=www.gejdner.com&w=120&access=1d115b4	
1	0088888388cc4700|8fccc47f7fcb8|90|120|19970726|http://s.n.nu/thumb.php?url=www.glitterboden.se&w=120&access=2c1783b	
1	030f3c387c3f0f03|f4c4ffb8b43c0|90|120|19970726|http://s.n.nu/thumb.php?url=www.lightschaps.se&w=120&access=0b6c3b8	
